
10:17:41.878 [info] Loading 144 CA(s) from :otp store

10:17:42.126 id=1 [debug] handled request client -> server initialize in 93ms

10:17:42.132 [debug] sent notification server -> client window/logMessage

10:17:42.135 [debug] NextLS v0.23.1 has initialized!

10:17:42.135 [debug] sent notification server -> client window/logMessage

10:17:42.135 [debug] Log file located at /home/brunoferro/.config/nvim/.elixir-tools/next-ls.log

10:17:42.138 [debug] sent notification server -> client window/logMessage

10:17:42.138 [info] [extension] Credo initializing with options %NextLS.InitOpts.Extensions.Credo{enable: true, cli_options: []}

10:17:44.034 [debug] sent notification server -> client window/logMessage

10:17:44.034 [debug] Booting runtimes...

10:17:44.040 id=66 [debug] sent request server -> client window/workDoneProgress/create

10:17:44.046 [debug] sent notification server -> client $/progress

10:17:44.073 [debug] sent notification server -> client window/logMessage

10:17:44.073 [info] Beginning DB migration...

10:17:44.079 [debug] sent notification server -> client window/logMessage

10:17:44.079 [info] Database is on the latest version: 7

10:17:44.079 [debug] sent notification server -> client window/logMessage

10:17:44.079 [info] Finished DB migration...

10:17:44.080 [debug] sent notification server -> client window/logMessage

10:17:44.080 [info] Booting runtime for concu_parall.

- elixir: /home/brunoferro/.asdf/shims/elixir
- zombie wrapper script: /home/brunoferro/.local/share/.burrito/next_ls_erts-15.0_0.23.1/lib/next_ls-0.23.1/priv/cmd
- working_dir: /home/brunoferro/Projects/Elixir/concu_parall
- command: /home/brunoferro/.asdf/shims/elixir --no-halt --sname nextls-runtime-1723036664079786903 --cookie OAA6TYMANQMNSHHOJFXLYUZMPBVXMWZLJY462D4HNFCTZYFVU5SQ==== -S mix loadpaths --no-compile

Environment: 

LSP=nextls
NEXTLS_PARENT_PID=g1h3IG5leHQtbHMtMTcyMzAzNjY2MTg5NTc4MDcxM0BtZWdhAAAA4wAAAABms3P2
MIX_ENV=dev
MIX_TARGET=host
MIX_BUILD_ROOT=.elixir-tools/_build
ROOTDIR=false
BINDIR=false
RELEASE_ROOT=false
RELEASE_SYS_CONFIG=false
PATH=/home/brunoferro/.asdf/shims:/home/brunoferro/.local/share/.burrito/next_ls_erts-15.0_0.23.1/bin:/home/brunoferro/.local/share/nvim/mason/bin:/home/brunoferro/.opam/default/bin:/home/brunoferro/bin:/home/brunoferro/.pyenv/shims:/home/brunoferro/.pyenv/bin:/home/brunoferro/.sdkman/candidates/scala/current/bin:/home/brunoferro/.sdkman/candidates/sbt/current/bin:/home/brunoferro/.sdkman/candidates/leiningen/current/bin:/home/brunoferro/.sdkman/candidates/kotlin/current/bin:/home/brunoferro/.sdkman/candidates/gradle/current/bin:/home/brunoferro/.asdf/shims:/home/brunoferro/.asdf/bin:/usr/lib64/ccache:/home/brunoferro/.cargo/bin:/usr/local/bin:/usr/local/sbin:/usr/bin:/usr/sbin:/home/brunoferro/.cabal/bin:/home/brunoferro/.ghcup/bin


10:17:44.080 [debug] handled notification client -> server initialized in 1951ms

10:17:44.084 [debug] handled notification client -> server textDocument/didOpen in 3ms

10:17:45.090 [debug] sent notification server -> client window/logMessage

10:17:45.090 [info] Connected to node nextls-runtime-1723036664079786903@mega

10:17:45.555 [debug] sent notification server -> client $/progress

10:17:45.557 [debug] sent notification server -> client window/logMessage

10:17:45.557 [debug] Runtime for folder concu_parall is ready...

10:17:45.560 id=130 [debug] sent request server -> client window/workDoneProgress/create

10:17:45.561 [debug] sent notification server -> client $/progress

10:17:45.591 [debug] sent notification server -> client $/progress

10:17:45.591 [debug] sent notification server -> client window/logMessage

10:17:45.591 [info] Compiled concu_parall!

10:17:47.509 id=2 [debug] handled request client -> server shutdown in 2ms

10:17:47.561 [debug] sent notification server -> client window/logMessage

10:17:47.561 [info] The runtime for concu_parall has successfully shut down.

11:20:09.018 [info] Loading 144 CA(s) from :otp store

11:20:09.212 id=1 [debug] handled request client -> server initialize in 66ms

11:20:09.216 [debug] sent notification server -> client window/logMessage

11:20:09.219 [debug] NextLS v0.23.1 has initialized!

11:20:09.219 [debug] sent notification server -> client window/logMessage

11:20:09.219 [debug] Log file located at /home/brunoferro/.config/nvim/.elixir-tools/next-ls.log

11:20:09.221 [debug] sent notification server -> client window/logMessage

11:20:09.221 [info] [extension] Credo initializing with options %NextLS.InitOpts.Extensions.Credo{enable: true, cli_options: []}

11:20:10.734 [debug] sent notification server -> client window/logMessage

11:20:10.734 [debug] Booting runtimes...

11:20:10.740 id=194 [debug] sent request server -> client window/workDoneProgress/create

11:20:10.746 [debug] sent notification server -> client $/progress

11:20:10.765 [debug] sent notification server -> client window/logMessage

11:20:10.765 [info] Beginning DB migration...

11:20:10.775 [debug] sent notification server -> client window/logMessage

11:20:10.775 [info] Database is on the latest version: 7

11:20:10.775 [debug] sent notification server -> client window/logMessage

11:20:10.775 [info] Finished DB migration...

11:20:10.775 [debug] sent notification server -> client window/logMessage

11:20:10.775 [info] Booting runtime for concu_parall.

- elixir: /home/brunoferro/.asdf/shims/elixir
- zombie wrapper script: /home/brunoferro/.local/share/.burrito/next_ls_erts-15.0_0.23.1/lib/next_ls-0.23.1/priv/cmd
- working_dir: /home/brunoferro/Projects/Elixir/concu_parall
- command: /home/brunoferro/.asdf/shims/elixir --no-halt --sname nextls-runtime-1723040410775141275 --cookie OAA6TYMANQMNSHHOJFXLYUZMPBVXMWZLJY462D4HNFCTZYFVU5SQ==== -S mix loadpaths --no-compile

Environment: 

LSP=nextls
NEXTLS_PARENT_PID=g1h3IG5leHQtbHMtMTcyMzA0MDQwOTAyNjQ4Nzk3MEBtZWdhAAAA4wAAAABms4Ka
MIX_ENV=dev
MIX_TARGET=host
MIX_BUILD_ROOT=.elixir-tools/_build
ROOTDIR=false
BINDIR=false
RELEASE_ROOT=false
RELEASE_SYS_CONFIG=false
PATH=/home/brunoferro/.asdf/shims:/home/brunoferro/.local/share/.burrito/next_ls_erts-15.0_0.23.1/bin:/home/brunoferro/.local/share/nvim/mason/bin:/home/brunoferro/.opam/default/bin:/home/brunoferro/bin:/home/brunoferro/.pyenv/shims:/home/brunoferro/.pyenv/bin:/home/brunoferro/.sdkman/candidates/scala/current/bin:/home/brunoferro/.sdkman/candidates/sbt/current/bin:/home/brunoferro/.sdkman/candidates/leiningen/current/bin:/home/brunoferro/.sdkman/candidates/kotlin/current/bin:/home/brunoferro/.sdkman/candidates/gradle/current/bin:/home/brunoferro/.asdf/shims:/home/brunoferro/.asdf/bin:/usr/lib64/ccache:/home/brunoferro/.cargo/bin:/usr/local/bin:/usr/local/sbin:/usr/bin:/usr/sbin:/home/brunoferro/.cabal/bin:/home/brunoferro/.ghcup/bin


11:20:10.776 [debug] handled notification client -> server initialized in 1561ms

11:20:10.781 [debug] handled notification client -> server textDocument/didOpen in 4ms

11:20:11.626 id=2 [debug] handled request client -> server shutdown in 1ms

11:20:11.639 [debug] sent notification server -> client window/logMessage

11:20:11.639 [info] The runtime for concu_parall has successfully shut down.

11:20:11.640 [debug] sent notification server -> client window/logMessage

11:20:11.640 [info] Beginning DB migration...

11:20:11.640 [debug] sent notification server -> client window/logMessage

11:20:11.640 [info] Database is on the latest version: 7

11:20:11.641 [debug] sent notification server -> client window/logMessage

11:20:11.641 [info] Finished DB migration...

11:27:43.897 [info] Loading 144 CA(s) from :otp store

11:27:44.087 id=1 [debug] handled request client -> server initialize in 68ms

11:27:44.092 [debug] sent notification server -> client window/logMessage

11:27:44.094 [debug] NextLS v0.23.1 has initialized!

11:27:44.094 [debug] sent notification server -> client window/logMessage

11:27:44.094 [debug] Log file located at /home/brunoferro/.config/nvim/.elixir-tools/next-ls.log

11:27:44.097 [debug] sent notification server -> client window/logMessage

11:27:44.097 [info] [extension] Credo initializing with options %NextLS.InitOpts.Extensions.Credo{enable: true, cli_options: []}

11:27:45.746 [debug] sent notification server -> client window/logMessage

11:27:45.746 [debug] Booting runtimes...

11:27:45.749 id=3266 [debug] sent request server -> client window/workDoneProgress/create

11:27:45.752 [debug] sent notification server -> client $/progress

11:27:45.762 [debug] sent notification server -> client window/logMessage

11:27:45.762 [info] Beginning DB migration...

11:27:45.767 [debug] sent notification server -> client window/logMessage

11:27:45.767 [info] Database is on the latest version: 7

11:27:45.767 [debug] sent notification server -> client window/logMessage

11:27:45.768 [info] Finished DB migration...

11:27:45.768 [debug] sent notification server -> client window/logMessage

11:27:45.768 [info] Booting runtime for pento.

- elixir: /home/brunoferro/.asdf/shims/elixir
- zombie wrapper script: /home/brunoferro/.local/share/.burrito/next_ls_erts-15.0_0.23.1/lib/next_ls-0.23.1/priv/cmd
- working_dir: /home/brunoferro/Projects/Elixir/pento
- command: /home/brunoferro/.asdf/shims/elixir --no-halt --sname nextls-runtime-1723040865767877867 --cookie OAA6TYMANQMNSHHOJFXLYUZMPBVXMWZLJY462D4HNFCTZYFVU5SQ==== -S mix loadpaths --no-compile

Environment: 

LSP=nextls
NEXTLS_PARENT_PID=g1h3IG5leHQtbHMtMTcyMzA0MDg2MzkwNjI2OTM3MEBtZWdhAAAA4wAAAABms4Rg
MIX_ENV=dev
MIX_TARGET=host
MIX_BUILD_ROOT=.elixir-tools/_build
ROOTDIR=false
BINDIR=false
RELEASE_ROOT=false
RELEASE_SYS_CONFIG=false
PATH=/home/brunoferro/.asdf/shims:/home/brunoferro/.local/share/.burrito/next_ls_erts-15.0_0.23.1/bin:/home/brunoferro/.local/share/nvim/mason/bin:/home/brunoferro/.opam/default/bin:/home/brunoferro/bin:/home/brunoferro/.pyenv/shims:/home/brunoferro/.pyenv/bin:/home/brunoferro/.sdkman/candidates/scala/current/bin:/home/brunoferro/.sdkman/candidates/sbt/current/bin:/home/brunoferro/.sdkman/candidates/leiningen/current/bin:/home/brunoferro/.sdkman/candidates/kotlin/current/bin:/home/brunoferro/.sdkman/candidates/gradle/current/bin:/home/brunoferro/.asdf/shims:/home/brunoferro/.asdf/bin:/usr/lib64/ccache:/home/brunoferro/.cargo/bin:/usr/local/bin:/usr/local/sbin:/usr/bin:/usr/sbin:/home/brunoferro/.cabal/bin:/home/brunoferro/.ghcup/bin


11:27:45.768 [debug] handled notification client -> server initialized in 1679ms

11:27:45.773 [debug] handled notification client -> server textDocument/didOpen in 4ms

11:27:46.786 [debug] sent notification server -> client window/logMessage

11:27:46.786 [info] Connected to node nextls-runtime-1723040865767877867@mega

11:27:47.306 [debug] sent notification server -> client $/progress

11:27:47.307 [debug] sent notification server -> client window/logMessage

11:27:47.307 [debug] Runtime for folder pento is ready...

11:27:47.310 id=387 [debug] sent request server -> client window/workDoneProgress/create

11:27:47.311 [debug] sent notification server -> client $/progress

11:27:47.394 [debug] sent notification server -> client $/progress

11:27:47.395 [debug] sent notification server -> client window/logMessage

11:27:47.395 [info] Compiled pento!

11:27:48.210 id=2 [debug] handled request client -> server shutdown in 1ms

11:27:48.223 [debug] sent notification server -> client window/logMessage

11:27:48.223 [info] The runtime for pento has successfully shut down.
